INFO:MAIN:start recorder
INFO:RECORDER:1744831166.5873408,16776703
DEBUG:RECORDER:receive trigger: SiPM status
DEBUG:RECORDER:    ff          fd          ff
DEBUG:RECORDER:    11111111    11111101    11111111
INFO:RECORDER:1744831169.4825768,11569326
DEBUG:RECORDER:receive trigger: SiPM status
DEBUG:RECORDER:    b0          88          ae
DEBUG:RECORDER:    10110000    10001000    10101110
INFO:RECORDER:1744831171.7457163,11992585
DEBUG:RECORDER:receive trigger: SiPM status
DEBUG:RECORDER:    b6          fe          09
DEBUG:RECORDER:    10110110    11111110    00001001
INFO:RECORDER:1744831172.4891002,3734094
DEBUG:RECORDER:receive trigger: SiPM status
DEBUG:RECORDER:    38          fa          4e
DEBUG:RECORDER:    00111000    11111010    01001110
INFO:RECORDER:1744831174.3467166,13897032
DEBUG:RECORDER:receive trigger: SiPM status
DEBUG:RECORDER:    d4          0d          48
DEBUG:RECORDER:    11010100    00001101    01001000
INFO:RECORDER:1744831174.7881215,15918350
DEBUG:RECORDER:receive trigger: SiPM status
DEBUG:RECORDER:    f2          e5          0e
DEBUG:RECORDER:    11110010    11100101    00001110
INFO:RECORDER:1744831175.4358702,2677786
DEBUG:RECORDER:receive trigger: SiPM status
DEBUG:RECORDER:    28          dc          1a
DEBUG:RECORDER:    00101000    11011100    00011010
INFO:RECORDER:1744831175.8280663,3177000
DEBUG:RECORDER:receive trigger: SiPM status
DEBUG:RECORDER:    30          7a          28
DEBUG:RECORDER:    00110000    01111010    00101000
INFO:RECORDER:1744831176.0118792,4163132
DEBUG:RECORDER:receive trigger: SiPM status
DEBUG:RECORDER:    3f          86          3c
DEBUG:RECORDER:    00111111    10000110    00111100
INFO:RECORDER:1744831176.8089328,15858702
DEBUG:RECORDER:receive trigger: SiPM status
DEBUG:RECORDER:    f1          fc          0e
DEBUG:RECORDER:    11110001    11111100    00001110
INFO:RECORDER:1744831179.5662465,16643100
DEBUG:RECORDER:receive trigger: SiPM status
DEBUG:RECORDER:    fd          f4          1c
DEBUG:RECORDER:    11111101    11110100    00011100
INFO:RECORDER:1744831180.1376917,12106248
DEBUG:RECORDER:receive trigger: SiPM status
DEBUG:RECORDER:    b8          ba          08
DEBUG:RECORDER:    10111000    10111010    00001000
INFO:RECORDER:1744831181.4127758,12346910
DEBUG:RECORDER:receive trigger: SiPM status
DEBUG:RECORDER:    bc          66          1e
DEBUG:RECORDER:    10111100    01100110    00011110
INFO:RECORDER:1744831184.385601,7442456
DEBUG:RECORDER:receive trigger: SiPM status
DEBUG:RECORDER:    71          90          18
DEBUG:RECORDER:    01110001    10010000    00011000
INFO:RECORDER:1744831188.4347186,16429886
DEBUG:RECORDER:receive trigger: SiPM status
DEBUG:RECORDER:    fa          b3          3e
DEBUG:RECORDER:    11111010    10110011    00111110
INFO:RECORDER:1744831189.469626,6438412
DEBUG:RECORDER:receive trigger: SiPM status
DEBUG:RECORDER:    62          3e          0c
DEBUG:RECORDER:    01100010    00111110    00001100
INFO:RECORDER:1744831189.9452796,3161126
DEBUG:RECORDER:receive trigger: SiPM status
DEBUG:RECORDER:    30          3c          26
DEBUG:RECORDER:    00110000    00111100    00100110
INFO:RECORDER:1744831195.7537692,5774340
DEBUG:RECORDER:receive trigger: SiPM status
DEBUG:RECORDER:    58          1c          04
DEBUG:RECORDER:    01011000    00011100    00000100
INFO:RECORDER:1744831197.603225,7613486
DEBUG:RECORDER:receive trigger: SiPM status
DEBUG:RECORDER:    74          2c          2e
DEBUG:RECORDER:    01110100    00101100    00101110
INFO:RECORDER:1744831198.4371264,7761420
DEBUG:RECORDER:receive trigger: SiPM status
DEBUG:RECORDER:    76          6e          0c
DEBUG:RECORDER:    01110110    01101110    00001100
INFO:RECORDER:1744831200.278914,1702404
DEBUG:RECORDER:receive trigger: SiPM status
DEBUG:RECORDER:    19          fa          04
DEBUG:RECORDER:    00011001    11111010    00000100
INFO:RECORDER:1744831201.1309896,10302478
DEBUG:RECORDER:receive trigger: SiPM status
DEBUG:RECORDER:    9d          34          0e
DEBUG:RECORDER:    10011101    00110100    00001110
INFO:RECORDER:1744831204.2884521,1109534
DEBUG:RECORDER:receive trigger: SiPM status
DEBUG:RECORDER:    10          ee          1e
DEBUG:RECORDER:    00010000    11101110    00011110
INFO:RECORDER:1744831205.6847153,5786632
DEBUG:RECORDER:receive trigger: SiPM status
DEBUG:RECORDER:    58          4c          08
DEBUG:RECORDER:    01011000    01001100    00001000
INFO:RECORDER:1744831208.0118628,8239372
DEBUG:RECORDER:receive trigger: SiPM status
DEBUG:RECORDER:    7d          b9          0c
DEBUG:RECORDER:    01111101    10111001    00001100
INFO:RECORDER:1744831211.368238,15209996
DEBUG:RECORDER:receive trigger: SiPM status
DEBUG:RECORDER:    e8          16          0c
DEBUG:RECORDER:    11101000    00010110    00001100
INFO:RECORDER:1744831212.328884,3210754
DEBUG:RECORDER:receive trigger: SiPM status
DEBUG:RECORDER:    30          fe          02
DEBUG:RECORDER:    00110000    11111110    00000010
INFO:RECORDER:1744831213.4591231,11625485
DEBUG:RECORDER:receive trigger: SiPM status
DEBUG:RECORDER:    b1          64          0d
DEBUG:RECORDER:    10110001    01100100    00001101
INFO:RECORDER:1744831214.600714,7420968
DEBUG:RECORDER:receive trigger: SiPM status
DEBUG:RECORDER:    71          3c          28
DEBUG:RECORDER:    01110001    00111100    00101000
INFO:RECORDER:1744831217.214861,16301708
DEBUG:RECORDER:receive trigger: SiPM status
DEBUG:RECORDER:    f8          be          8c
DEBUG:RECORDER:    11111000    10111110    10001100
INFO:RECORDER:1744831217.3130279,7910912
DEBUG:RECORDER:receive trigger: SiPM status
DEBUG:RECORDER:    78          b6          00
DEBUG:RECORDER:    01111000    10110110    00000000
INFO:RECORDER:1744831220.0672786,7371805
DEBUG:RECORDER:receive trigger: SiPM status
DEBUG:RECORDER:    70          7c          1d
DEBUG:RECORDER:    01110000    01111100    00011101
INFO:RECORDER:1744831221.2741203,7925276
DEBUG:RECORDER:receive trigger: SiPM status
DEBUG:RECORDER:    78          ee          1c
DEBUG:RECORDER:    01111000    11101110    00011100
INFO:RECORDER:1744831222.8500018,16266252
DEBUG:RECORDER:receive trigger: SiPM status
DEBUG:RECORDER:    f8          34          0c
DEBUG:RECORDER:    11111000    00110100    00001100
INFO:RECORDER:1744831223.598468,5254686
DEBUG:RECORDER:receive trigger: SiPM status
DEBUG:RECORDER:    50          2e          1e
DEBUG:RECORDER:    01010000    00101110    00011110
INFO:RECORDER:1744831224.450712,7928846
DEBUG:RECORDER:receive trigger: SiPM status
DEBUG:RECORDER:    78          fc          0e
DEBUG:RECORDER:    01111000    11111100    00001110
INFO:RECORDER:1744831227.5985022,11949192
DEBUG:RECORDER:receive trigger: SiPM status
DEBUG:RECORDER:    b6          54          88
DEBUG:RECORDER:    10110110    01010100    10001000
INFO:RECORDER:1744831229.080775,11844894
DEBUG:RECORDER:receive trigger: SiPM status
DEBUG:RECORDER:    b4          bd          1e
DEBUG:RECORDER:    10110100    10111101    00011110
INFO:RECORDER:1744831230.797354,16353802
DEBUG:RECORDER:receive trigger: SiPM status
DEBUG:RECORDER:    f9          8a          0a
DEBUG:RECORDER:    11111001    10001010    00001010
INFO:RECORDER:1744831233.1359944,3472536
DEBUG:RECORDER:receive trigger: SiPM status
DEBUG:RECORDER:    34          fc          98
DEBUG:RECORDER:    00110100    11111100    10011000
INFO:RECORDER:1744831235.9720201,5254714
DEBUG:RECORDER:receive trigger: SiPM status
DEBUG:RECORDER:    50          2e          3a
DEBUG:RECORDER:    01010000    00101110    00111010
INFO:RECORDER:1744831242.8544893,12383518
DEBUG:RECORDER:receive trigger: SiPM status
DEBUG:RECORDER:    bc          f5          1e
DEBUG:RECORDER:    10111100    11110101    00011110
INFO:RECORDER:1744831243.9063501,9469198
DEBUG:RECORDER:receive trigger: SiPM status
DEBUG:RECORDER:    90          7d          0e
DEBUG:RECORDER:    10010000    01111101    00001110
INFO:RECORDER:1744831243.9899645,3456512
DEBUG:RECORDER:receive trigger: SiPM status
DEBUG:RECORDER:    34          be          00
DEBUG:RECORDER:    00110100    10111110    00000000
INFO:RECORDER:1744831244.5150676,7878920
DEBUG:RECORDER:receive trigger: SiPM status
DEBUG:RECORDER:    78          39          08
DEBUG:RECORDER:    01111000    00111001    00001000
INFO:RECORDER:1744831245.7605789,14187608
DEBUG:RECORDER:receive trigger: SiPM status
DEBUG:RECORDER:    d8          7c          58
DEBUG:RECORDER:    11011000    01111100    01011000
INFO:RECORDER:1744831246.307999,7920657
DEBUG:RECORDER:receive trigger: SiPM status
DEBUG:RECORDER:    78          dc          11
DEBUG:RECORDER:    01111000    11011100    00010001
INFO:RECORDER:1744831247.2881405,6829058
DEBUG:RECORDER:receive trigger: SiPM status
DEBUG:RECORDER:    68          34          02
DEBUG:RECORDER:    01101000    00110100    00000010
INFO:RECORDER:1744831247.7022002,6004748
DEBUG:RECORDER:receive trigger: SiPM status
DEBUG:RECORDER:    5b          a0          0c
DEBUG:RECORDER:    01011011    10100000    00001100
INFO:RECORDER:1744831249.1104562,16537691
DEBUG:RECORDER:receive trigger: SiPM status
DEBUG:RECORDER:    fc          58          5b
DEBUG:RECORDER:    11111100    01011000    01011011
INFO:RECORDER:1744831250.14989,15752716
DEBUG:RECORDER:receive trigger: SiPM status
DEBUG:RECORDER:    f0          5e          0c
DEBUG:RECORDER:    11110000    01011110    00001100
INFO:RECORDER:1744831251.1212697,7877736
DEBUG:RECORDER:receive trigger: SiPM status
DEBUG:RECORDER:    78          34          68
DEBUG:RECORDER:    01111000    00110100    01101000
INFO:RECORDER:1744831255.321335,15771656
DEBUG:RECORDER:receive trigger: SiPM status
DEBUG:RECORDER:    f0          a8          08
DEBUG:RECORDER:    11110000    10101000    00001000
INFO:RECORDER:1744831257.592713,2668872
DEBUG:RECORDER:receive trigger: SiPM status
DEBUG:RECORDER:    28          b9          48
DEBUG:RECORDER:    00101000    10111001    01001000
INFO:RECORDER:1744831257.8000262,7356009
DEBUG:RECORDER:receive trigger: SiPM status
DEBUG:RECORDER:    70          3e          69
DEBUG:RECORDER:    01110000    00111110    01101001
INFO:RECORDER:1744831258.7099962,13990412
DEBUG:RECORDER:receive trigger: SiPM status
DEBUG:RECORDER:    d5          7a          0c
DEBUG:RECORDER:    11010101    01111010    00001100
INFO:RECORDER:1744831258.76103,16645641
DEBUG:RECORDER:receive trigger: SiPM status
DEBUG:RECORDER:    fd          fe          09
DEBUG:RECORDER:    11111101    11111110    00001001
INFO:RECORDER:1744831259.6270838,5273624
DEBUG:RECORDER:receive trigger: SiPM status
DEBUG:RECORDER:    50          78          18
DEBUG:RECORDER:    01010000    01111000    00011000
INFO:RECORDER:1744831260.229565,3014156
DEBUG:RECORDER:receive trigger: SiPM status
DEBUG:RECORDER:    2d          fe          0c
DEBUG:RECORDER:    00101101    11111110    00001100
INFO:RECORDER:1744831261.9162104,3185744
DEBUG:RECORDER:receive trigger: SiPM status
DEBUG:RECORDER:    30          9c          50
DEBUG:RECORDER:    00110000    10011100    01010000
INFO:RECORDER:1744831263.67782,16598028
DEBUG:RECORDER:receive trigger: SiPM status
DEBUG:RECORDER:    fd          44          0c
DEBUG:RECORDER:    11111101    01000100    00001100
INFO:RECORDER:1744831265.4209383,7928858
DEBUG:RECORDER:receive trigger: SiPM status
DEBUG:RECORDER:    78          fc          1a
DEBUG:RECORDER:    01111000    11111100    00011010
INFO:RECORDER:1744831268.1292868,3814932
DEBUG:RECORDER:receive trigger: SiPM status
DEBUG:RECORDER:    3a          36          14
DEBUG:RECORDER:    00111010    00110110    00010100
INFO:RECORDER:1744831271.6491036,7364124
DEBUG:RECORDER:receive trigger: SiPM status
DEBUG:RECORDER:    70          5e          1c
DEBUG:RECORDER:    01110000    01011110    00011100
INFO:RECORDER:1744831273.9577267,16034828
DEBUG:RECORDER:receive trigger: SiPM status
DEBUG:RECORDER:    f4          ac          0c
DEBUG:RECORDER:    11110100    10101100    00001100
INFO:RECORDER:1744831275.7567258,12114968
DEBUG:RECORDER:receive trigger: SiPM status
DEBUG:RECORDER:    b8          dc          18
DEBUG:RECORDER:    10111000    11011100    00011000
INFO:RECORDER:1744831277.2980375,7772189
DEBUG:RECORDER:receive trigger: SiPM status
DEBUG:RECORDER:    76          98          1d
DEBUG:RECORDER:    01110110    10011000    00011101
INFO:RECORDER:1744831278.3662243,1339456
DEBUG:RECORDER:receive trigger: SiPM status
DEBUG:RECORDER:    14          70          40
DEBUG:RECORDER:    00010100    01110000    01000000
INFO:RECORDER:1744831285.4588406,7890200
DEBUG:RECORDER:receive trigger: SiPM status
DEBUG:RECORDER:    78          65          18
DEBUG:RECORDER:    01111000    01100101    00011000
INFO:RECORDER:1744831286.5272176,2925641
DEBUG:RECORDER:receive trigger: SiPM status
DEBUG:RECORDER:    2c          a4          49
DEBUG:RECORDER:    00101100    10100100    01001001
INFO:RECORDER:1744831288.9942782,1080330
DEBUG:RECORDER:receive trigger: SiPM status
DEBUG:RECORDER:    10          7c          0a
DEBUG:RECORDER:    00010000    01111100    00001010
INFO:RECORDER:1744831292.020685,10050572
DEBUG:RECORDER:receive trigger: SiPM status
DEBUG:RECORDER:    99          5c          0c
DEBUG:RECORDER:    10011001    01011100    00001100
INFO:RECORDER:1744831292.9398718,11381764
DEBUG:RECORDER:receive trigger: SiPM status
DEBUG:RECORDER:    ad          ac          04
DEBUG:RECORDER:    10101101    10101100    00000100
INFO:RECORDER:1744831294.105065,3971662
DEBUG:RECORDER:receive trigger: SiPM status
DEBUG:RECORDER:    3c          9a          4e
DEBUG:RECORDER:    00111100    10011010    01001110
INFO:RECORDER:1744831296.9980166,16028748
DEBUG:RECORDER:receive trigger: SiPM status
DEBUG:RECORDER:    f4          94          4c
DEBUG:RECORDER:    11110100    10010100    01001100
INFO:RECORDER:1744831297.2676854,4762636
DEBUG:RECORDER:receive trigger: SiPM status
DEBUG:RECORDER:    48          ac          0c
DEBUG:RECORDER:    01001000    10101100    00001100
INFO:RECORDER:1744831297.4258728,15214605
DEBUG:RECORDER:receive trigger: SiPM status
DEBUG:RECORDER:    e8          28          0d
DEBUG:RECORDER:    11101000    00101000    00001101
INFO:RECORDER:1744831297.5967832,7126016
DEBUG:RECORDER:receive trigger: SiPM status
DEBUG:RECORDER:    6c          bc          00
DEBUG:RECORDER:    01101100    10111100    00000000
INFO:RECORDER:1744831297.6043456,5271116
DEBUG:RECORDER:receive trigger: SiPM status
DEBUG:RECORDER:    50          6e          4c
DEBUG:RECORDER:    01010000    01101110    01001100
INFO:RECORDER:1744831297.6536832,12571694
DEBUG:RECORDER:receive trigger: SiPM status
DEBUG:RECORDER:    bf          d4          2e
DEBUG:RECORDER:    10111111    11010100    00101110
INFO:RECORDER:1744831299.819666,7467529
DEBUG:RECORDER:receive trigger: SiPM status
DEBUG:RECORDER:    71          f2          09
DEBUG:RECORDER:    01110001    11110010    00001001
INFO:RECORDER:1744831305.2053409,12406284
DEBUG:RECORDER:receive trigger: SiPM status
DEBUG:RECORDER:    bd          4e          0c
DEBUG:RECORDER:    10111101    01001110    00001100
INFO:RECORDER:1744831312.7200434,16281096
DEBUG:RECORDER:receive trigger: SiPM status
DEBUG:RECORDER:    f8          6e          08
DEBUG:RECORDER:    11111000    01101110    00001000
INFO:RECORDER:1744831314.0455885,13761540
DEBUG:RECORDER:receive trigger: SiPM status
DEBUG:RECORDER:    d1          fc          04
DEBUG:RECORDER:    11010001    11111100    00000100
INFO:RECORDER:1744831314.2666268,15891724
DEBUG:RECORDER:receive trigger: SiPM status
DEBUG:RECORDER:    f2          7d          0c
DEBUG:RECORDER:    11110010    01111101    00001100
INFO:RECORDER:1744831316.0275774,15646273
DEBUG:RECORDER:receive trigger: SiPM status
DEBUG:RECORDER:    ee          be          41
DEBUG:RECORDER:    11101110    10111110    01000001
INFO:RECORDER:1744831316.2266197,16605722
DEBUG:RECORDER:receive trigger: SiPM status
DEBUG:RECORDER:    fd          62          1a
DEBUG:RECORDER:    11111101    01100010    00011010
INFO:RECORDER:1744831317.4770148,15897102
DEBUG:RECORDER:receive trigger: SiPM status
DEBUG:RECORDER:    f2          92          0e
DEBUG:RECORDER:    11110010    10010010    00001110
INFO:RECORDER:1744831320.0235379,7628045
DEBUG:RECORDER:receive trigger: SiPM status
DEBUG:RECORDER:    74          65          0d
DEBUG:RECORDER:    01110100    01100101    00001101
INFO:RECORDER:1744831320.602851,16022084
DEBUG:RECORDER:receive trigger: SiPM status
DEBUG:RECORDER:    f4          7a          44
DEBUG:RECORDER:    11110100    01111010    01000100
INFO:RECORDER:1744831321.3280547,16330756
DEBUG:RECORDER:receive trigger: SiPM status
DEBUG:RECORDER:    f9          30          04
DEBUG:RECORDER:    11111001    00110000    00000100
INFO:RECORDER:1744831322.340876,3796745
DEBUG:RECORDER:receive trigger: SiPM status
DEBUG:RECORDER:    39          ef          09
DEBUG:RECORDER:    00111001    11101111    00001001
INFO:RECORDER:1744831322.765464,15913477
DEBUG:RECORDER:receive trigger: SiPM status
DEBUG:RECORDER:    f2          d2          05
DEBUG:RECORDER:    11110010    11010010    00000101
INFO:RECORDER:1744831328.3549163,12859421
DEBUG:RECORDER:receive trigger: SiPM status
DEBUG:RECORDER:    c4          38          1d
DEBUG:RECORDER:    11000100    00111000    00011101
INFO:RECORDER:1744831328.4964583,7928841
DEBUG:RECORDER:receive trigger: SiPM status
DEBUG:RECORDER:    78          fc          09
DEBUG:RECORDER:    01111000    11111100    00001001
INFO:RECORDER:1744831330.4137218,16266764
DEBUG:RECORDER:receive trigger: SiPM status
DEBUG:RECORDER:    f8          36          0c
DEBUG:RECORDER:    11111000    00110110    00001100
INFO:RECORDER:1744831331.9276586,7967752
DEBUG:RECORDER:receive trigger: SiPM status
DEBUG:RECORDER:    79          94          08
DEBUG:RECORDER:    01111001    10010100    00001000
INFO:RECORDER:1744831335.3115447,9989644
DEBUG:RECORDER:receive trigger: SiPM status
DEBUG:RECORDER:    98          6e          0c
DEBUG:RECORDER:    10011000    01101110    00001100
INFO:RECORDER:1744831336.7257068,7875613
DEBUG:RECORDER:receive trigger: SiPM status
DEBUG:RECORDER:    78          2c          1d
DEBUG:RECORDER:    01111000    00101100    00011101
INFO:RECORDER:1744831337.911721,16449048
DEBUG:RECORDER:receive trigger: SiPM status
DEBUG:RECORDER:    fa          fe          18
DEBUG:RECORDER:    11111010    11111110    00011000
INFO:RECORDER:1744831338.9252305,5365256
DEBUG:RECORDER:receive trigger: SiPM status
DEBUG:RECORDER:    51          de          08
DEBUG:RECORDER:    01010001    11011110    00001000
INFO:RECORDER:1744831345.4477057,15801387
DEBUG:RECORDER:receive trigger: SiPM status
DEBUG:RECORDER:    f1          1c          2b
DEBUG:RECORDER:    11110001    00011100    00101011
INFO:RECORDER:1744831345.5818694,16612416
DEBUG:RECORDER:receive trigger: SiPM status
DEBUG:RECORDER:    fd          7c          40
DEBUG:RECORDER:    11111101    01111100    01000000
INFO:RECORDER:1744831346.1723554,4041482
DEBUG:RECORDER:receive trigger: SiPM status
DEBUG:RECORDER:    3d          ab          0a
DEBUG:RECORDER:    00111101    10101011    00001010
INFO:RECORDER:1744831349.069156,5798410
DEBUG:RECORDER:receive trigger: SiPM status
DEBUG:RECORDER:    58          7a          0a
DEBUG:RECORDER:    01011000    01111010    00001010
INFO:RECORDER:1744831351.035388,15891977
DEBUG:RECORDER:receive trigger: SiPM status
DEBUG:RECORDER:    f2          7e          09
DEBUG:RECORDER:    11110010    01111110    00001001
INFO:RECORDER:1744831354.4371114,1985804
DEBUG:RECORDER:receive trigger: SiPM status
DEBUG:RECORDER:    1e          4d          0c
DEBUG:RECORDER:    00011110    01001101    00001100
INFO:RECORDER:1744831355.25286,1117696
DEBUG:RECORDER:receive trigger: SiPM status
DEBUG:RECORDER:    11          0e          00
DEBUG:RECORDER:    00010001    00001110    00000000
INFO:RECORDER:1744831358.0808158,7871500
DEBUG:RECORDER:receive trigger: SiPM status
DEBUG:RECORDER:    78          1c          0c
DEBUG:RECORDER:    01111000    00011100    00001100
INFO:RECORDER:1744831366.3410325,9495660
DEBUG:RECORDER:receive trigger: SiPM status
DEBUG:RECORDER:    90          e4          6c
DEBUG:RECORDER:    10010000    11100100    01101100
INFO:RECORDER:1744831367.9135685,12381716
DEBUG:RECORDER:receive trigger: SiPM status
DEBUG:RECORDER:    bc          ee          14
DEBUG:RECORDER:    10111100    11101110    00010100
INFO:RECORDER:1744831374.02628,11598348
DEBUG:RECORDER:receive trigger: SiPM status
DEBUG:RECORDER:    b0          fa          0c
DEBUG:RECORDER:    10110000    11111010    00001100
INFO:RECORDER:1744831375.7934856,7974413
DEBUG:RECORDER:receive trigger: SiPM status
DEBUG:RECORDER:    79          ae          0d
DEBUG:RECORDER:    01111001    10101110    00001101
INFO:RECORDER:1744831376.5231802,7941672
DEBUG:RECORDER:receive trigger: SiPM status
DEBUG:RECORDER:    79          2e          28
DEBUG:RECORDER:    01111001    00101110    00101000
INFO:RECORDER:1744831377.8305337,12087554
DEBUG:RECORDER:receive trigger: SiPM status
DEBUG:RECORDER:    b8          71          02
DEBUG:RECORDER:    10111000    01110001    00000010
INFO:RECORDER:1744831378.384498,5781544
DEBUG:RECORDER:receive trigger: SiPM status
DEBUG:RECORDER:    58          38          28
DEBUG:RECORDER:    01011000    00111000    00101000
INFO:RECORDER:1744831379.0192113,3202562
DEBUG:RECORDER:receive trigger: SiPM status
DEBUG:RECORDER:    30          de          02
DEBUG:RECORDER:    00110000    11011110    00000010
INFO:RECORDER:1744831390.3022084,6583307
DEBUG:RECORDER:receive trigger: SiPM status
DEBUG:RECORDER:    64          74          0b
DEBUG:RECORDER:    01100100    01110100    00001011
INFO:RECORDER:1744831391.4520543,15842830
DEBUG:RECORDER:receive trigger: SiPM status
DEBUG:RECORDER:    f1          be          0e
DEBUG:RECORDER:    11110001    10111110    00001110
INFO:RECORDER:1744831392.396377,16265482
DEBUG:RECORDER:receive trigger: SiPM status
DEBUG:RECORDER:    f8          31          0a
DEBUG:RECORDER:    11111000    00110001    00001010
INFO:RECORDER:1744831394.2457364,12151885
DEBUG:RECORDER:receive trigger: SiPM status
DEBUG:RECORDER:    b9          6c          4d
DEBUG:RECORDER:    10111001    01101100    01001101
INFO:RECORDER:1744831397.1163366,7910443
DEBUG:RECORDER:receive trigger: SiPM status
DEBUG:RECORDER:    78          b4          2b
DEBUG:RECORDER:    01111000    10110100    00101011
INFO:RECORDER:1744831403.9219427,14427660
DEBUG:RECORDER:receive trigger: SiPM status
DEBUG:RECORDER:    dc          26          0c
DEBUG:RECORDER:    11011100    00100110    00001100
INFO:RECORDER:1744831412.296534,5266509
DEBUG:RECORDER:receive trigger: SiPM status
DEBUG:RECORDER:    50          5c          4d
DEBUG:RECORDER:    01010000    01011100    01001101
INFO:RECORDER:1744831412.7643642,7461897
DEBUG:RECORDER:receive trigger: SiPM status
DEBUG:RECORDER:    71          dc          09
DEBUG:RECORDER:    01110001    11011100    00001001
INFO:RECORDER:1744831413.8892426,7915034
DEBUG:RECORDER:receive trigger: SiPM status
DEBUG:RECORDER:    78          c6          1a
DEBUG:RECORDER:    01111000    11000110    00011010
INFO:RECORDER:1744831420.0401058,11599436
DEBUG:RECORDER:receive trigger: SiPM status
DEBUG:RECORDER:    b0          fe          4c
DEBUG:RECORDER:    10110000    11111110    01001100
INFO:RECORDER:1744831422.8909535,1637496
DEBUG:RECORDER:receive trigger: SiPM status
DEBUG:RECORDER:    18          fc          78
DEBUG:RECORDER:    00011000    11111100    01111000
INFO:RECORDER:1744831424.9364877,10282512
DEBUG:RECORDER:receive trigger: SiPM status
DEBUG:RECORDER:    9c          e6          10
DEBUG:RECORDER:    10011100    11100110    00010000
INFO:RECORDER:1744831425.5535653,6039576
DEBUG:RECORDER:receive trigger: SiPM status
DEBUG:RECORDER:    5c          28          18
DEBUG:RECORDER:    01011100    00101000    00011000
INFO:RECORDER:1744831426.2885914,16063532
DEBUG:RECORDER:receive trigger: SiPM status
DEBUG:RECORDER:    f5          1c          2c
DEBUG:RECORDER:    11110101    00011100    00101100
INFO:RECORDER:1744831426.6865966,5434377
DEBUG:RECORDER:receive trigger: SiPM status
DEBUG:RECORDER:    52          ec          09
DEBUG:RECORDER:    01010010    11101100    00001001
INFO:RECORDER:1744831426.7065942,7011336
DEBUG:RECORDER:receive trigger: SiPM status
DEBUG:RECORDER:    6a          fc          08
DEBUG:RECORDER:    01101010    11111100    00001000
INFO:RECORDER:1744831428.918696,3783176
DEBUG:RECORDER:receive trigger: SiPM status
DEBUG:RECORDER:    39          ba          08
DEBUG:RECORDER:    00111001    10111010    00001000
INFO:RECORDER:1744831429.3887,11811400
DEBUG:RECORDER:receive trigger: SiPM status
DEBUG:RECORDER:    b4          3a          48
DEBUG:RECORDER:    10110100    00111010    01001000
INFO:RECORDER:1744831430.257081,11684866
DEBUG:RECORDER:receive trigger: SiPM status
DEBUG:RECORDER:    b2          4c          02
DEBUG:RECORDER:    10110010    01001100    00000010
INFO:RECORDER:1744831431.672684,15734296
DEBUG:RECORDER:receive trigger: SiPM status
DEBUG:RECORDER:    f0          16          18
DEBUG:RECORDER:    11110000    00010110    00011000
INFO:RECORDER:1744831431.6830049,7909900
DEBUG:RECORDER:receive trigger: SiPM status
DEBUG:RECORDER:    78          b2          0c
DEBUG:RECORDER:    01111000    10110010    00001100
INFO:RECORDER:1744831432.966337,3369996
DEBUG:RECORDER:receive trigger: SiPM status
DEBUG:RECORDER:    33          6c          0c
DEBUG:RECORDER:    00110011    01101100    00001100
INFO:RECORDER:1744831433.51124,1621776
DEBUG:RECORDER:receive trigger: SiPM status
DEBUG:RECORDER:    18          bf          10
DEBUG:RECORDER:    00011000    10111111    00010000
INFO:RECORDER:1744831433.793703,1616644
DEBUG:RECORDER:receive trigger: SiPM status
DEBUG:RECORDER:    18          ab          04
DEBUG:RECORDER:    00011000    10101011    00000100
INFO:RECORDER:1744831433.9271443,11799619
DEBUG:RECORDER:receive trigger: SiPM status
DEBUG:RECORDER:    b4          0c          43
DEBUG:RECORDER:    10110100    00001100    01000011
INFO:RECORDER:1744831436.8946192,12183577
DEBUG:RECORDER:receive trigger: SiPM status
DEBUG:RECORDER:    b9          e8          19
DEBUG:RECORDER:    10111001    11101000    00011001
INFO:RECORDER:1744831438.0385168,7425058
DEBUG:RECORDER:receive trigger: SiPM status
DEBUG:RECORDER:    71          4c          22
DEBUG:RECORDER:    01110001    01001100    00100010
INFO:RECORDER:1744831438.617851,10525705
DEBUG:RECORDER:receive trigger: SiPM status
DEBUG:RECORDER:    a0          9c          09
DEBUG:RECORDER:    10100000    10011100    00001001
INFO:RECORDER:1744831440.388059,3798557
DEBUG:RECORDER:receive trigger: SiPM status
DEBUG:RECORDER:    39          f6          1d
DEBUG:RECORDER:    00111001    11110110    00011101
INFO:RECORDER:1744831441.2355633,5307396
DEBUG:RECORDER:receive trigger: SiPM status
DEBUG:RECORDER:    50          fc          04
DEBUG:RECORDER:    01010000    11111100    00000100
INFO:RECORDER:1744831446.9895437,5007124
DEBUG:RECORDER:receive trigger: SiPM status
DEBUG:RECORDER:    4c          67          14
DEBUG:RECORDER:    01001100    01100111    00010100
INFO:RECORDER:1744831450.1338685,12182826
DEBUG:RECORDER:receive trigger: SiPM status
DEBUG:RECORDER:    b9          e5          2a
DEBUG:RECORDER:    10111001    11100101    00101010
INFO:RECORDER:1744831450.5120022,9968696
DEBUG:RECORDER:receive trigger: SiPM status
DEBUG:RECORDER:    98          1c          38
DEBUG:RECORDER:    10011000    00011100    00111000
INFO:RECORDER:1744831452.640226,3671052
DEBUG:RECORDER:receive trigger: SiPM status
DEBUG:RECORDER:    38          04          0c
DEBUG:RECORDER:    00111000    00000100    00001100
INFO:RECORDER:1744831454.0513382,14331468
DEBUG:RECORDER:receive trigger: SiPM status
DEBUG:RECORDER:    da          ae          4c
DEBUG:RECORDER:    11011010    10101110    01001100
INFO:RECORDER:1744831454.34307,6700557
DEBUG:RECORDER:receive trigger: SiPM status
DEBUG:RECORDER:    66          3e          0d
DEBUG:RECORDER:    01100110    00111110    00001101
INFO:RECORDER:1744831454.8503847,6339596
DEBUG:RECORDER:receive trigger: SiPM status
DEBUG:RECORDER:    60          bc          0c
DEBUG:RECORDER:    01100000    10111100    00001100
INFO:RECORDER:1744831455.6386223,12332552
DEBUG:RECORDER:receive trigger: SiPM status
DEBUG:RECORDER:    bc          2e          08
DEBUG:RECORDER:    10111100    00101110    00001000
INFO:RECORDER:1744831456.5041683,290324
DEBUG:RECORDER:receive trigger: SiPM status
DEBUG:RECORDER:    04          6e          14
DEBUG:RECORDER:    00000100    01101110    00010100
INFO:RECORDER:1744831456.678467,12147972
DEBUG:RECORDER:receive trigger: SiPM status
DEBUG:RECORDER:    b9          5d          04
DEBUG:RECORDER:    10111001    01011101    00000100
INFO:RECORDER:1744831457.8195422,7436296
DEBUG:RECORDER:receive trigger: SiPM status
DEBUG:RECORDER:    71          78          08
DEBUG:RECORDER:    01110001    01111000    00001000
INFO:RECORDER:1744831458.8196018,8166414
DEBUG:RECORDER:receive trigger: SiPM status
DEBUG:RECORDER:    7c          9c          0e
DEBUG:RECORDER:    01111100    10011100    00001110
INFO:RECORDER:1744831460.959894,12254220
DEBUG:RECORDER:receive trigger: SiPM status
DEBUG:RECORDER:    ba          fc          0c
DEBUG:RECORDER:    10111010    11111100    00001100
INFO:RECORDER:1744831464.8979197,7649039
DEBUG:RECORDER:receive trigger: SiPM status
DEBUG:RECORDER:    74          b7          0f
DEBUG:RECORDER:    01110100    10110111    00001111
INFO:RECORDER:1744831466.8025274,3308624
DEBUG:RECORDER:receive trigger: SiPM status
DEBUG:RECORDER:    32          7c          50
DEBUG:RECORDER:    00110010    01111100    01010000
INFO:RECORDER:1744831469.1031246,7978244
DEBUG:RECORDER:receive trigger: SiPM status
DEBUG:RECORDER:    79          bd          04
DEBUG:RECORDER:    01111001    10111101    00000100
INFO:RECORDER:1744831470.7667627,3318858
DEBUG:RECORDER:receive trigger: SiPM status
DEBUG:RECORDER:    32          a4          4a
DEBUG:RECORDER:    00110010    10100100    01001010
INFO:RECORDER:1744831473.2412405,7208200
DEBUG:RECORDER:receive trigger: SiPM status
DEBUG:RECORDER:    6d          fd          08
DEBUG:RECORDER:    01101101    11111101    00001000
INFO:RECORDER:1744831474.4108672,7949580
DEBUG:RECORDER:receive trigger: SiPM status
DEBUG:RECORDER:    79          4d          0c
DEBUG:RECORDER:    01111001    01001101    00001100
INFO:RECORDER:1744831478.615736,16267544
DEBUG:RECORDER:receive trigger: SiPM status
DEBUG:RECORDER:    f8          39          18
DEBUG:RECORDER:    11111000    00111001    00011000
INFO:RECORDER:1744831478.928495,9551373
DEBUG:RECORDER:receive trigger: SiPM status
DEBUG:RECORDER:    91          be          0d
DEBUG:RECORDER:    10010001    10111110    00001101
INFO:RECORDER:1744831481.1932728,7662094
DEBUG:RECORDER:receive trigger: SiPM status
DEBUG:RECORDER:    74          ea          0e
DEBUG:RECORDER:    01110100    11101010    00001110
INFO:RECORDER:1744831485.164102,16550996
DEBUG:RECORDER:receive trigger: SiPM status
DEBUG:RECORDER:    fc          8c          54
DEBUG:RECORDER:    11111100    10001100    01010100
INFO:RECORDER:1744831487.7118812,14925069
DEBUG:RECORDER:receive trigger: SiPM status
DEBUG:RECORDER:    e3          bd          0d
DEBUG:RECORDER:    11100011    10111101    00001101
INFO:RECORDER:1744831489.07074,10529804
DEBUG:RECORDER:receive trigger: SiPM status
DEBUG:RECORDER:    a0          ac          0c
DEBUG:RECORDER:    10100000    10101100    00001100
INFO:RECORDER:1744831490.132976,15819848
DEBUG:RECORDER:receive trigger: SiPM status
DEBUG:RECORDER:    f1          64          48
DEBUG:RECORDER:    11110001    01100100    01001000
INFO:RECORDER:1744831491.2368457,7206920
DEBUG:RECORDER:receive trigger: SiPM status
DEBUG:RECORDER:    6d          f8          08
DEBUG:RECORDER:    01101101    11111000    00001000
INFO:RECORDER:1744831492.5612295,16428554
DEBUG:RECORDER:receive trigger: SiPM status
DEBUG:RECORDER:    fa          ae          0a
DEBUG:RECORDER:    11111010    10101110    00001010
INFO:RECORDER:1744831496.4655828,11828809
DEBUG:RECORDER:receive trigger: SiPM status
DEBUG:RECORDER:    b4          7e          49
DEBUG:RECORDER:    10110100    01111110    01001001
INFO:RECORDER:1744831501.4891164,16187005
DEBUG:RECORDER:receive trigger: SiPM status
DEBUG:RECORDER:    f6          fe          7d
DEBUG:RECORDER:    11110110    11111110    01111101
INFO:RECORDER:1744831507.3787591,14351377
DEBUG:RECORDER:receive trigger: SiPM status
DEBUG:RECORDER:    da          fc          11
DEBUG:RECORDER:    11011010    11111100    00010001
INFO:RECORDER:1744831507.7165809,14216960
DEBUG:RECORDER:receive trigger: SiPM status
DEBUG:RECORDER:    d8          ef          00
DEBUG:RECORDER:    11011000    11101111    00000000
INFO:RECORDER:1744831510.1742923,12342282
DEBUG:RECORDER:receive trigger: SiPM status
DEBUG:RECORDER:    bc          54          0a
DEBUG:RECORDER:    10111100    01010100    00001010
INFO:RECORDER:1744831510.261131,8173580
DEBUG:RECORDER:receive trigger: SiPM status
DEBUG:RECORDER:    7c          b8          0c
DEBUG:RECORDER:    01111100    10111000    00001100
INFO:RECORDER:1744831512.0297928,7383372
DEBUG:RECORDER:receive trigger: SiPM status
DEBUG:RECORDER:    70          a9          4c
DEBUG:RECORDER:    01110000    10101001    01001100
INFO:RECORDER:1744831513.110275,3997384
DEBUG:RECORDER:receive trigger: SiPM status
DEBUG:RECORDER:    3c          fe          c8
DEBUG:RECORDER:    00111100    11111110    11001000
INFO:RECORDER:1744831514.4055388,13675788
DEBUG:RECORDER:receive trigger: SiPM status
DEBUG:RECORDER:    d0          ad          0c
DEBUG:RECORDER:    11010000    10101101    00001100
INFO:RECORDER:1744831516.187495,11593225
DEBUG:RECORDER:receive trigger: SiPM status
DEBUG:RECORDER:    b0          e6          09
DEBUG:RECORDER:    10110000    11100110    00001001
INFO:RECORDER:1744831516.5494437,16305773
DEBUG:RECORDER:receive trigger: SiPM status
DEBUG:RECORDER:    f8          ce          6d
DEBUG:RECORDER:    11111000    11001110    01101101
INFO:RECORDER:1744831516.915668,1079306
DEBUG:RECORDER:receive trigger: SiPM status
DEBUG:RECORDER:    10          78          0a
DEBUG:RECORDER:    00010000    01111000    00001010
INFO:RECORDER:1744831518.4192576,11844621
DEBUG:RECORDER:receive trigger: SiPM status
DEBUG:RECORDER:    b4          bc          0d
DEBUG:RECORDER:    10110100    10111100    00001101
INFO:RECORDER:1744831519.8848639,7450122
DEBUG:RECORDER:receive trigger: SiPM status
DEBUG:RECORDER:    71          ae          0a
DEBUG:RECORDER:    01110001    10101110    00001010
INFO:RECORDER:1744831522.9417582,4767276
DEBUG:RECORDER:receive trigger: SiPM status
DEBUG:RECORDER:    48          be          2c
DEBUG:RECORDER:    01001000    10111110    00101100
INFO:RECORDER:1744831527.5480735,7371788
DEBUG:RECORDER:receive trigger: SiPM status
DEBUG:RECORDER:    70          7c          0c
DEBUG:RECORDER:    01110000    01111100    00001100
INFO:RECORDER:1744831527.7610111,14183432
DEBUG:RECORDER:receive trigger: SiPM status
DEBUG:RECORDER:    d8          6c          08
DEBUG:RECORDER:    11011000    01101100    00001000
INFO:RECORDER:1744831529.6581378,11693128
DEBUG:RECORDER:receive trigger: SiPM status
DEBUG:RECORDER:    b2          6c          48
DEBUG:RECORDER:    10110010    01101100    01001000
INFO:RECORDER:1744831530.5160635,16297492
DEBUG:RECORDER:receive trigger: SiPM status
DEBUG:RECORDER:    f8          ae          14
DEBUG:RECORDER:    11111000    10101110    00010100
INFO:RECORDER:1744831531.929088,16734728
DEBUG:RECORDER:receive trigger: SiPM status
DEBUG:RECORDER:    ff          5a          08
DEBUG:RECORDER:    11111111    01011010    00001000
INFO:RECORDER:1744831534.6831386,5317678
DEBUG:RECORDER:receive trigger: SiPM status
DEBUG:RECORDER:    51          24          2e
DEBUG:RECORDER:    01010001    00100100    00101110
INFO:RECORDER:1744831538.1716986,11599132
DEBUG:RECORDER:receive trigger: SiPM status
DEBUG:RECORDER:    b0          fd          1c
DEBUG:RECORDER:    10110000    11111101    00011100
INFO:RECORDER:1744831542.3777137,15756808
DEBUG:RECORDER:receive trigger: SiPM status
DEBUG:RECORDER:    f0          6e          08
DEBUG:RECORDER:    11110000    01101110    00001000
INFO:RECORDER:1744831544.8616433,7973696
DEBUG:RECORDER:receive trigger: SiPM status
DEBUG:RECORDER:    79          ab          40
DEBUG:RECORDER:    01111001    10101011    01000000
INFO:RECORDER:1744831553.0767696,11836422
DEBUG:RECORDER:receive trigger: SiPM status
DEBUG:RECORDER:    b4          9c          06
DEBUG:RECORDER:    10110100    10011100    00000110
INFO:RECORDER:1744831553.3102224,4324365
DEBUG:RECORDER:receive trigger: SiPM status
DEBUG:RECORDER:    41          fc          0d
DEBUG:RECORDER:    01000001    11111100    00001101
INFO:RECORDER:1744831554.753813,3519754
DEBUG:RECORDER:receive trigger: SiPM status
DEBUG:RECORDER:    35          b5          0a
DEBUG:RECORDER:    00110101    10110101    00001010
INFO:RECORDER:1744831554.8268037,16013324
DEBUG:RECORDER:receive trigger: SiPM status
DEBUG:RECORDER:    f4          58          0c
DEBUG:RECORDER:    11110100    01011000    00001100
INFO:RECORDER:1744831556.5788696,14953497
DEBUG:RECORDER:receive trigger: SiPM status
DEBUG:RECORDER:    e4          2c          19
DEBUG:RECORDER:    11100100    00101100    00011001
INFO:RECORDER:1744831559.873753,9721932
DEBUG:RECORDER:receive trigger: SiPM status
DEBUG:RECORDER:    94          58          4c
DEBUG:RECORDER:    10010100    01011000    01001100
INFO:RECORDER:1744831560.8063285,2162182
DEBUG:RECORDER:receive trigger: SiPM status
DEBUG:RECORDER:    20          fe          06
DEBUG:RECORDER:    00100000    11111110    00000110
INFO:RECORDER:1744831561.3153334,11551244
DEBUG:RECORDER:receive trigger: SiPM status
DEBUG:RECORDER:    b0          42          0c
DEBUG:RECORDER:    10110000    01000010    00001100
INFO:RECORDER:1744831562.7106156,7404616
DEBUG:RECORDER:receive trigger: SiPM status
DEBUG:RECORDER:    70          fc          48
DEBUG:RECORDER:    01110000    11111100    01001000
INFO:RECORDER:1744831566.6430526,11071018
DEBUG:RECORDER:receive trigger: SiPM status
DEBUG:RECORDER:    a8          ee          2a
DEBUG:RECORDER:    10101000    11101110    00101010
INFO:RECORDER:1744831566.937784,7927300
DEBUG:RECORDER:receive trigger: SiPM status
DEBUG:RECORDER:    78          f6          04
DEBUG:RECORDER:    01111000    11110110    00000100
INFO:RECORDER:1744831568.1327002,7925824
DEBUG:RECORDER:receive trigger: SiPM status
DEBUG:RECORDER:    78          f0          40
DEBUG:RECORDER:    01111000    11110000    01000000
INFO:RECORDER:1744831570.3101358,14019844
DEBUG:RECORDER:receive trigger: SiPM status
DEBUG:RECORDER:    d5          ed          04
DEBUG:RECORDER:    11010101    11101101    00000100
INFO:RECORDER:1744831572.6237385,8156160
DEBUG:RECORDER:receive trigger: SiPM status
DEBUG:RECORDER:    7c          74          00
DEBUG:RECORDER:    01111100    01110100    00000000
INFO:RECORDER:1744831576.1518958,3242520
DEBUG:RECORDER:receive trigger: SiPM status
DEBUG:RECORDER:    31          7a          18
DEBUG:RECORDER:    00110001    01111010    00011000
INFO:RECORDER:1744831582.0909486,7928333
DEBUG:RECORDER:receive trigger: SiPM status
DEBUG:RECORDER:    78          fa          0d
DEBUG:RECORDER:    01111000    11111010    00001101
INFO:RECORDER:1744831582.3372924,6053385
DEBUG:RECORDER:receive trigger: SiPM status
DEBUG:RECORDER:    5c          5e          09
DEBUG:RECORDER:    01011100    01011110    00001001
INFO:RECORDER:1744831582.8316343,16268317
DEBUG:RECORDER:receive trigger: SiPM status
DEBUG:RECORDER:    f8          3c          1d
DEBUG:RECORDER:    11111000    00111100    00011101
INFO:RECORDER:1744831583.3658895,11537934
DEBUG:RECORDER:receive trigger: SiPM status
DEBUG:RECORDER:    b0          0e          0e
DEBUG:RECORDER:    10110000    00001110    00001110
INFO:RECORDER:1744831585.518681,16003844
DEBUG:RECORDER:receive trigger: SiPM status
DEBUG:RECORDER:    f4          33          04
DEBUG:RECORDER:    11110100    00110011    00000100
INFO:RECORDER:1744831586.323119,7696157
DEBUG:RECORDER:receive trigger: SiPM status
DEBUG:RECORDER:    75          6f          1d
DEBUG:RECORDER:    01110101    01101111    00011101
INFO:RECORDER:1744831587.816329,13868556
DEBUG:RECORDER:receive trigger: SiPM status
DEBUG:RECORDER:    d3          9e          0c
DEBUG:RECORDER:    11010011    10011110    00001100
INFO:RECORDER:1744831588.2466204,4587070
DEBUG:RECORDER:receive trigger: SiPM status
DEBUG:RECORDER:    45          fe          3e
DEBUG:RECORDER:    01000101    11111110    00111110
INFO:RECORDER:1744831588.7079515,2424344
DEBUG:RECORDER:receive trigger: SiPM status
DEBUG:RECORDER:    24          fe          18
DEBUG:RECORDER:    00100100    11111110    00011000
INFO:RECORDER:1744831591.1795263,7683082
DEBUG:RECORDER:receive trigger: SiPM status
DEBUG:RECORDER:    75          3c          0a
DEBUG:RECORDER:    01110101    00111100    00001010
INFO:RECORDER:1744831596.2175086,7910414
DEBUG:RECORDER:receive trigger: SiPM status
DEBUG:RECORDER:    78          b4          0e
DEBUG:RECORDER:    01111000    10110100    00001110
INFO:RECORDER:1744831598.9424613,7126664
DEBUG:RECORDER:receive trigger: SiPM status
DEBUG:RECORDER:    6c          be          88
DEBUG:RECORDER:    01101100    10111110    10001000
INFO:RECORDER:1744831601.359575,16514090
DEBUG:RECORDER:receive trigger: SiPM status
DEBUG:RECORDER:    fb          fc          2a
DEBUG:RECORDER:    11111011    11111100    00101010
INFO:RECORDER:1744831602.0478828,3467264
DEBUG:RECORDER:receive trigger: SiPM status
DEBUG:RECORDER:    34          e8          00
DEBUG:RECORDER:    00110100    11101000    00000000
INFO:RECORDER:1744831604.1244116,15776783
DEBUG:RECORDER:receive trigger: SiPM status
DEBUG:RECORDER:    f0          bc          0f
DEBUG:RECORDER:    11110000    10111100    00001111
INFO:RECORDER:1744831605.5917475,16615510
DEBUG:RECORDER:receive trigger: SiPM status
DEBUG:RECORDER:    fd          88          56
DEBUG:RECORDER:    11111101    10001000    01010110
INFO:RECORDER:1744831608.0209417,2669588
DEBUG:RECORDER:receive trigger: SiPM status
DEBUG:RECORDER:    28          bc          14
DEBUG:RECORDER:    00101000    10111100    00010100
INFO:RECORDER:1744831608.8103578,10206988
DEBUG:RECORDER:receive trigger: SiPM status
DEBUG:RECORDER:    9b          bf          0c
DEBUG:RECORDER:    10011011    10111111    00001100
INFO:RECORDER:1744831609.6602225,7633960
DEBUG:RECORDER:receive trigger: SiPM status
DEBUG:RECORDER:    74          7c          28
DEBUG:RECORDER:    01110100    01111100    00101000
INFO:RECORDER:1744831610.239109,16181256
DEBUG:RECORDER:receive trigger: SiPM status
DEBUG:RECORDER:    f6          e8          08
DEBUG:RECORDER:    11110110    11101000    00001000
INFO:RECORDER:1744831610.9149554,7915534
DEBUG:RECORDER:receive trigger: SiPM status
DEBUG:RECORDER:    78          c8          0e
DEBUG:RECORDER:    01111000    11001000    00001110
INFO:RECORDER:1744831613.5530684,12508172
DEBUG:RECORDER:receive trigger: SiPM status
DEBUG:RECORDER:    be          dc          0c
DEBUG:RECORDER:    10111110    11011100    00001100
INFO:RECORDER:1744831614.5611548,16280602
DEBUG:RECORDER:receive trigger: SiPM status
DEBUG:RECORDER:    f8          6c          1a
DEBUG:RECORDER:    11111000    01101100    00011010
INFO:RECORDER:1744831616.3770134,3210240
DEBUG:RECORDER:receive trigger: SiPM status
DEBUG:RECORDER:    30          fc          00
DEBUG:RECORDER:    00110000    11111100    00000000
INFO:RECORDER:1744831617.4234686,9499648
DEBUG:RECORDER:receive trigger: SiPM status
DEBUG:RECORDER:    90          f4          00
DEBUG:RECORDER:    10010000    11110100    00000000
INFO:RECORDER:1744831618.028024,3849220
DEBUG:RECORDER:receive trigger: SiPM status
DEBUG:RECORDER:    3a          bc          04
DEBUG:RECORDER:    00111010    10111100    00000100
INFO:RECORDER:1744831619.3382928,1701933
DEBUG:RECORDER:receive trigger: SiPM status
DEBUG:RECORDER:    19          f8          2d
DEBUG:RECORDER:    00011001    11111000    00101101
INFO:RECORDER:1744831620.0461583,7542302
DEBUG:RECORDER:receive trigger: SiPM status
DEBUG:RECORDER:    73          16          1e
DEBUG:RECORDER:    01110011    00010110    00011110
INFO:RECORDER:1744831626.3032796,14071912
DEBUG:RECORDER:receive trigger: SiPM status
DEBUG:RECORDER:    d6          b8          68
DEBUG:RECORDER:    11010110    10111000    01101000
INFO:RECORDER:1744831627.2366526,16301069
DEBUG:RECORDER:receive trigger: SiPM status
DEBUG:RECORDER:    f8          bc          0d
DEBUG:RECORDER:    11111000    10111100    00001101
INFO:RECORDER:1744831628.400245,7990272
DEBUG:RECORDER:receive trigger: SiPM status
DEBUG:RECORDER:    79          ec          00
DEBUG:RECORDER:    01111001    11101100    00000000
INFO:RECORDER:1744831629.0702643,1631756
DEBUG:RECORDER:receive trigger: SiPM status
DEBUG:RECORDER:    18          e6          0c
DEBUG:RECORDER:    00011000    11100110    00001100
INFO:RECORDER:1744831633.0986865,12178450
DEBUG:RECORDER:receive trigger: SiPM status
DEBUG:RECORDER:    b9          d4          12
DEBUG:RECORDER:    10111001    11010100    00010010
INFO:RECORDER:1744831636.6232567,15842830
DEBUG:RECORDER:receive trigger: SiPM status
DEBUG:RECORDER:    f1          be          0e
DEBUG:RECORDER:    11110001    10111110    00001110
INFO:RECORDER:1744831637.318496,5356858
DEBUG:RECORDER:receive trigger: SiPM status
DEBUG:RECORDER:    51          bd          3a
DEBUG:RECORDER:    01010001    10111101    00111010
INFO:RECORDER:1744831644.2219129,16558110
DEBUG:RECORDER:receive trigger: SiPM status
DEBUG:RECORDER:    fc          a8          1e
DEBUG:RECORDER:    11111100    10101000    00011110
INFO:RECORDER:1744831647.8524735,7400462
DEBUG:RECORDER:receive trigger: SiPM status
DEBUG:RECORDER:    70          ec          0e
DEBUG:RECORDER:    01110000    11101100    00001110
INFO:RECORDER:1744831648.241223,16526355
DEBUG:RECORDER:receive trigger: SiPM status
DEBUG:RECORDER:    fc          2c          13
DEBUG:RECORDER:    11111100    00101100    00010011
INFO:RECORDER:1744831651.1662457,7412268
DEBUG:RECORDER:receive trigger: SiPM status
DEBUG:RECORDER:    71          1a          2c
DEBUG:RECORDER:    01110001    00011010    00101100
INFO:RECORDER:1744831655.2932496,6437900
DEBUG:RECORDER:receive trigger: SiPM status
DEBUG:RECORDER:    62          3c          0c
DEBUG:RECORDER:    01100010    00111100    00001100
INFO:RECORDER:1744831659.4462767,6297132
DEBUG:RECORDER:receive trigger: SiPM status
DEBUG:RECORDER:    60          16          2c
DEBUG:RECORDER:    01100000    00010110    00101100
INFO:RECORDER:1744831661.831059,3270152
DEBUG:RECORDER:receive trigger: SiPM status
DEBUG:RECORDER:    31          e6          08
DEBUG:RECORDER:    00110001    11100110    00001000
INFO:RECORDER:1744831663.2506897,16298366
DEBUG:RECORDER:receive trigger: SiPM status
DEBUG:RECORDER:    f8          b1          7e
DEBUG:RECORDER:    11111000    10110001    01111110
INFO:RECORDER:1744831666.8376713,16186372
DEBUG:RECORDER:receive trigger: SiPM status
DEBUG:RECORDER:    f6          fc          04
DEBUG:RECORDER:    11110110    11111100    00000100
INFO:RECORDER:1744831671.7405512,7896698
DEBUG:RECORDER:receive trigger: SiPM status
DEBUG:RECORDER:    78          7e          7a
DEBUG:RECORDER:    01111000    01111110    01111010
INFO:RECORDER:1744831671.9009662,7878670
DEBUG:RECORDER:receive trigger: SiPM status
DEBUG:RECORDER:    78          38          0e
DEBUG:RECORDER:    01111000    00111000    00001110
INFO:RECORDER:1744831672.3169115,10655248
DEBUG:RECORDER:receive trigger: SiPM status
DEBUG:RECORDER:    a2          96          10
DEBUG:RECORDER:    10100010    10010110    00010000
INFO:RECORDER:1744831672.3358247,3947038
DEBUG:RECORDER:receive trigger: SiPM status
DEBUG:RECORDER:    3c          3a          1e
DEBUG:RECORDER:    00111100    00111010    00011110
INFO:RECORDER:1744831672.7306054,7354429
DEBUG:RECORDER:receive trigger: SiPM status
DEBUG:RECORDER:    70          38          3d
DEBUG:RECORDER:    01110000    00111000    00111101
INFO:RECORDER:1744831674.8509572,5603102
DEBUG:RECORDER:receive trigger: SiPM status
DEBUG:RECORDER:    55          7f          1e
DEBUG:RECORDER:    01010101    01111111    00011110
INFO:RECORDER:1744831675.4062324,5811980
DEBUG:RECORDER:receive trigger: SiPM status
DEBUG:RECORDER:    58          af          0c
DEBUG:RECORDER:    01011000    10101111    00001100
INFO:RECORDER:1744831676.250722,13657614
DEBUG:RECORDER:receive trigger: SiPM status
DEBUG:RECORDER:    d0          66          0e
DEBUG:RECORDER:    11010000    01100110    00001110
INFO:RECORDER:1744831676.9871838,9460238
DEBUG:RECORDER:receive trigger: SiPM status
DEBUG:RECORDER:    90          5a          0e
DEBUG:RECORDER:    10010000    01011010    00001110
INFO:RECORDER:1744831679.2943335,5291656
DEBUG:RECORDER:receive trigger: SiPM status
DEBUG:RECORDER:    50          be          88
DEBUG:RECORDER:    01010000    10111110    10001000
INFO:RECORDER:1744831682.5332828,4201547
DEBUG:RECORDER:receive trigger: SiPM status
DEBUG:RECORDER:    40          1c          4b
DEBUG:RECORDER:    01000000    00011100    01001011
INFO:RECORDER:1744831685.255379,3735052
DEBUG:RECORDER:receive trigger: SiPM status
DEBUG:RECORDER:    38          fe          0c
DEBUG:RECORDER:    00111000    11111110    00001100
INFO:RECORDER:1744831686.6432488,5854720
DEBUG:RECORDER:receive trigger: SiPM status
DEBUG:RECORDER:    59          56          00
DEBUG:RECORDER:    01011001    01010110    00000000
INFO:RECORDER:1744831686.9794261,7887896
DEBUG:RECORDER:receive trigger: SiPM status
DEBUG:RECORDER:    78          5c          18
DEBUG:RECORDER:    01111000    01011100    00011000
